<?xml version="1.0" encoding="UTF-8"?>
<!-- Generated by org.testng.reporters.JUnitXMLReporter -->
<testsuite ignored="0" hostname="DESKTOP-6R22ME0" failures="0" tests="33" name="Command line test" time="0.425" errors="0" timestamp="2021-09-09T22:22:05 COT">
  <testcase classname="cs.ing.lab01.VehiculoTest" name="StressTest01" time="0.099"/>
  <testcase classname="cs.ing.lab01.VehiculoTest" name="StressTest01" time="0.092"/>
  <testcase classname="cs.ing.lab01.VehiculoTest" name="StressTest01" time="0.091"/>
  <testcase classname="cs.ing.lab01.VehiculoTest" name="StressTest01" time="0.09"/>
  <testcase classname="cs.ing.lab01.VehiculoTest" name="StressTest01" time="0.1"/>
  <testcase classname="cs.ing.lab01.VehiculoTest" name="StressTest01" time="0.1"/>
  <testcase classname="cs.ing.lab01.VehiculoTest" name="StressTest01" time="0.1"/>
  <testcase classname="cs.ing.lab01.VehiculoTest" name="StressTest01" time="0.1"/>
  <testcase classname="cs.ing.lab01.VehiculoTest" name="StressTest01" time="0.099"/>
  <testcase classname="cs.ing.lab01.VehiculoTest" name="StressTest01" time="0.092"/>
  <testcase classname="cs.ing.lab01.VehiculoTest" name="StressTest02" time="0.001"/>
  <testcase classname="cs.ing.lab01.VehiculoTest" name="StressTest02" time="0.002"/>
  <testcase classname="cs.ing.lab01.VehiculoTest" name="StressTest02" time="0.0"/>
  <testcase classname="cs.ing.lab01.VehiculoTest" name="StressTest02" time="0.001"/>
  <testcase classname="cs.ing.lab01.VehiculoTest" name="StressTest02" time="0.002"/>
  <testcase classname="cs.ing.lab01.VehiculoTest" name="StressTest02" time="0.001"/>
  <testcase classname="cs.ing.lab01.VehiculoTest" name="StressTest02" time="0.001"/>
  <testcase classname="cs.ing.lab01.VehiculoTest" name="StressTest02" time="0.0"/>
  <testcase classname="cs.ing.lab01.VehiculoTest" name="StressTest02" time="0.001"/>
  <testcase classname="cs.ing.lab01.VehiculoTest" name="StressTest02" time="0.0"/>
  <testcase classname="cs.ing.lab01.VehiculoTest" name="TestMain" time="0.082"/>
  <testcase classname="cs.ing.lab01.VehiculoTest" name="TestRefuel01" time="0.001"/>
  <testcase classname="cs.ing.lab01.VehiculoTest" name="TestRefuel02" time="0.0"/>
  <testcase classname="cs.ing.lab01.VehiculoTest" name="TestRefuel03" time="0.0"/>
  <testcase classname="cs.ing.lab01.VehiculoTest" name="TestRefuel04" time="0.001"/>
  <testcase classname="cs.ing.lab01.VehiculoTest" name="TestRefuel05" time="0.0"/>
  <testcase classname="cs.ing.lab01.VehiculoTest" name="TestRefuel06" time="0.0"/>
  <testcase classname="cs.ing.lab01.VehiculoTest" name="TestTrip01" time="0.008"/>
  <testcase classname="cs.ing.lab01.VehiculoTest" name="TestTrip02" time="0.001"/>
  <testcase classname="cs.ing.lab01.VehiculoTest" name="TestTrip03" time="0.001"/>
  <testcase classname="cs.ing.lab01.VehiculoTest" name="TestTrip04" time="0.0"/>
  <testcase classname="cs.ing.lab01.VehiculoTest" name="TestTrip05" time="0.001"/>
  <testcase classname="cs.ing.lab01.VehiculoTest" name="TestTrip06" time="0.0"/>
</testsuite> <!-- Command line test -->
